<?xml version="1.0" encoding="UTF-8"?>
<testng-results ignored="0" total="1" passed="1" failed="0" skipped="0">
  <reporter-output>
  </reporter-output>
  <suite started-at="2024-03-30T06:21:41 WIB" name="Surefire suite" finished-at="2024-03-30T06:21:41 WIB" duration-ms="127">
    <groups>
    </groups>
    <test started-at="2024-03-30T06:21:41 WIB" name="Surefire test" finished-at="2024-03-30T06:21:41 WIB" duration-ms="127">
      <class name="com.midtrans.demo.AppTest">
        <test-method signature="shouldAnswerWithTrue()" started-at="2024-03-30T06:21:41 WIB" name="shouldAnswerWithTrue" finished-at="2024-03-30T06:21:41 WIB" duration-ms="10" status="PASS">
          <reporter-output>
          </reporter-output>
        </test-method> <!-- shouldAnswerWithTrue -->
      </class> <!-- com.midtrans.demo.AppTest -->
    </test> <!-- Surefire test -->
  </suite> <!-- Surefire suite -->
</testng-results>
