<?xml version="1.0" encoding="UTF-8"?>
<!-- Generated by org.testng.reporters.JUnitXMLReporter -->
<testsuite ignored="1" hostname="set-fathir.local" failures="0" tests="3" name="Surefire test" time="45.994" errors="0" timestamp="2024-03-31T06:50:53 WIB">
  <testcase classname="CheckoutTests" name="checkoutWithExpiredDateTest" time="3.311"/>
  <testcase classname="CheckoutTests" name="checkoutWithInvalidCardTest" time="3.575"/>
  <testcase classname="CheckoutTests" name="successfulCheckoutTest" time="12.556"/>
  <testcase classname="InitTest" name="@AfterSuite afterSuite" time="0.0">
    <ignored/>
  </testcase> <!-- @AfterSuite afterSuite -->
</testsuite> <!-- Surefire test -->
