<?xml version="1.0" encoding="UTF-8"?>
<testng-results ignored="1" total="4" passed="3" failed="0" skipped="0">
  <reporter-output>
  </reporter-output>
  <suite started-at="2024-03-31T06:50:07 WIB" name="Surefire suite" finished-at="2024-03-31T06:50:53 WIB" duration-ms="45994">
    <groups>
    </groups>
    <test started-at="2024-03-31T06:50:07 WIB" name="Surefire test" finished-at="2024-03-31T06:50:53 WIB" duration-ms="45994">
      <class name="CheckoutTests">
        <test-method is-config="true" signature="setUp()[pri:0, instance:CheckoutTests@692f203f]" started-at="2024-03-31T06:50:07 WIB" name="setUp" finished-at="2024-03-31T06:50:17 WIB" duration-ms="9445" status="PASS">
          <reporter-output>
          </reporter-output>
        </test-method> <!-- setUp -->
        <test-method is-config="true" signature="initPages()[pri:0, instance:CheckoutTests@692f203f]" started-at="2024-03-31T06:50:17 WIB" name="initPages" finished-at="2024-03-31T06:50:17 WIB" duration-ms="3" status="PASS">
          <reporter-output>
          </reporter-output>
        </test-method> <!-- initPages -->
        <test-method signature="checkoutWithExpiredDateTest()[pri:0, instance:CheckoutTests@692f203f]" started-at="2024-03-31T06:50:17 WIB" name="checkoutWithExpiredDateTest" finished-at="2024-03-31T06:50:20 WIB" duration-ms="3311" status="PASS">
          <reporter-output>
          </reporter-output>
        </test-method> <!-- checkoutWithExpiredDateTest -->
        <test-method is-config="true" signature="tearDown(org.testng.ITestResult)[pri:0, instance:CheckoutTests@692f203f]" started-at="2024-03-31T06:50:20 WIB" name="tearDown" finished-at="2024-03-31T06:50:22 WIB" duration-ms="1529" status="PASS">
          <params>
            <param index="0">
              <value>
                <![CDATA[[TestResult name=checkoutWithExpiredDateTest status=SUCCESS method=CheckoutTests.checkoutWithExpiredDateTest()[pri:0, instance:CheckoutTests@692f203f] output={null}]]]>
              </value>
            </param>
          </params>
          <reporter-output>
          </reporter-output>
        </test-method> <!-- tearDown -->
        <test-method is-config="true" signature="setUp()[pri:0, instance:CheckoutTests@692f203f]" started-at="2024-03-31T06:50:22 WIB" name="setUp" finished-at="2024-03-31T06:50:28 WIB" duration-ms="6254" status="PASS">
          <reporter-output>
          </reporter-output>
        </test-method> <!-- setUp -->
        <test-method is-config="true" signature="initPages()[pri:0, instance:CheckoutTests@692f203f]" started-at="2024-03-31T06:50:28 WIB" name="initPages" finished-at="2024-03-31T06:50:28 WIB" duration-ms="1" status="PASS">
          <reporter-output>
          </reporter-output>
        </test-method> <!-- initPages -->
        <test-method signature="checkoutWithInvalidCardTest()[pri:0, instance:CheckoutTests@692f203f]" started-at="2024-03-31T06:50:28 WIB" name="checkoutWithInvalidCardTest" finished-at="2024-03-31T06:50:31 WIB" duration-ms="3575" status="PASS">
          <reporter-output>
          </reporter-output>
        </test-method> <!-- checkoutWithInvalidCardTest -->
        <test-method is-config="true" signature="tearDown(org.testng.ITestResult)[pri:0, instance:CheckoutTests@692f203f]" started-at="2024-03-31T06:50:31 WIB" name="tearDown" finished-at="2024-03-31T06:50:32 WIB" duration-ms="1081" status="PASS">
          <params>
            <param index="0">
              <value>
                <![CDATA[[TestResult name=checkoutWithInvalidCardTest status=SUCCESS method=CheckoutTests.checkoutWithInvalidCardTest()[pri:0, instance:CheckoutTests@692f203f] output={null}]]]>
              </value>
            </param>
          </params>
          <reporter-output>
          </reporter-output>
        </test-method> <!-- tearDown -->
        <test-method is-config="true" signature="setUp()[pri:0, instance:CheckoutTests@692f203f]" started-at="2024-03-31T06:50:32 WIB" name="setUp" finished-at="2024-03-31T06:50:39 WIB" duration-ms="6397" status="PASS">
          <reporter-output>
          </reporter-output>
        </test-method> <!-- setUp -->
        <test-method is-config="true" signature="initPages()[pri:0, instance:CheckoutTests@692f203f]" started-at="2024-03-31T06:50:39 WIB" name="initPages" finished-at="2024-03-31T06:50:39 WIB" duration-ms="1" status="PASS">
          <reporter-output>
          </reporter-output>
        </test-method> <!-- initPages -->
        <test-method signature="successfulCheckoutTest()[pri:0, instance:CheckoutTests@692f203f]" started-at="2024-03-31T06:50:39 WIB" name="successfulCheckoutTest" finished-at="2024-03-31T06:50:51 WIB" duration-ms="12556" status="PASS">
          <reporter-output>
          </reporter-output>
        </test-method> <!-- successfulCheckoutTest -->
        <test-method is-config="true" signature="tearDown(org.testng.ITestResult)[pri:0, instance:CheckoutTests@692f203f]" started-at="2024-03-31T06:50:51 WIB" name="tearDown" finished-at="2024-03-31T06:50:52 WIB" duration-ms="1038" status="PASS">
          <params>
            <param index="0">
              <value>
                <![CDATA[[TestResult name=successfulCheckoutTest status=SUCCESS method=CheckoutTests.successfulCheckoutTest()[pri:0, instance:CheckoutTests@692f203f] output={null}]]]>
              </value>
            </param>
          </params>
          <reporter-output>
          </reporter-output>
        </test-method> <!-- tearDown -->
        <test-method is-config="true" signature="tearDown()[pri:0, instance:CheckoutTests@692f203f]" started-at="2024-03-31T06:50:52 WIB" name="tearDown" finished-at="2024-03-31T06:50:53 WIB" duration-ms="734" status="PASS">
          <reporter-output>
          </reporter-output>
        </test-method> <!-- tearDown -->
        <test-method is-config="true" signature="afterSuite()[pri:0, instance:CheckoutTests@692f203f]" started-at="2024-03-31T06:50:53 WIB" name="afterSuite" finished-at="2024-03-31T06:50:53 WIB" duration-ms="21" status="PASS">
          <reporter-output>
          </reporter-output>
        </test-method> <!-- afterSuite -->
      </class> <!-- CheckoutTests -->
    </test> <!-- Surefire test -->
  </suite> <!-- Surefire suite -->
</testng-results>
