<?xml version="1.0" encoding="UTF-8"?>
<testng-results ignored="1" total="4" passed="3" failed="0" skipped="0">
  <reporter-output>
  </reporter-output>
  <suite started-at="2024-03-31T06:30:55 WIB" name="Surefire suite" finished-at="2024-03-31T06:31:53 WIB" duration-ms="57128">
    <groups>
    </groups>
    <test started-at="2024-03-31T06:30:55 WIB" name="Surefire test" finished-at="2024-03-31T06:31:53 WIB" duration-ms="57128">
      <class name="CheckoutTests">
        <test-method is-config="true" signature="setUp()[pri:0, instance:CheckoutTests@692f203f]" started-at="2024-03-31T06:30:55 WIB" name="setUp" finished-at="2024-03-31T06:31:04 WIB" duration-ms="8320" status="PASS">
          <reporter-output>
          </reporter-output>
        </test-method> <!-- setUp -->
        <test-method is-config="true" signature="initPages()[pri:0, instance:CheckoutTests@692f203f]" started-at="2024-03-31T06:31:04 WIB" name="initPages" finished-at="2024-03-31T06:31:04 WIB" duration-ms="5" status="PASS">
          <reporter-output>
          </reporter-output>
        </test-method> <!-- initPages -->
        <test-method signature="checkoutWithExpiredDateTest()[pri:0, instance:CheckoutTests@692f203f]" started-at="2024-03-31T06:31:04 WIB" name="checkoutWithExpiredDateTest" finished-at="2024-03-31T06:31:09 WIB" duration-ms="5491" status="PASS">
          <reporter-output>
          </reporter-output>
        </test-method> <!-- checkoutWithExpiredDateTest -->
        <test-method is-config="true" signature="tearDown(org.testng.ITestResult)[pri:0, instance:CheckoutTests@692f203f]" started-at="2024-03-31T06:31:09 WIB" name="tearDown" finished-at="2024-03-31T06:31:10 WIB" duration-ms="1156" status="PASS">
          <params>
            <param index="0">
              <value>
                <![CDATA[[TestResult name=checkoutWithExpiredDateTest status=SUCCESS method=CheckoutTests.checkoutWithExpiredDateTest()[pri:0, instance:CheckoutTests@692f203f] output={null}]]]>
              </value>
            </param>
          </params>
          <reporter-output>
          </reporter-output>
        </test-method> <!-- tearDown -->
        <test-method is-config="true" signature="setUp()[pri:0, instance:CheckoutTests@692f203f]" started-at="2024-03-31T06:31:10 WIB" name="setUp" finished-at="2024-03-31T06:31:16 WIB" duration-ms="5628" status="PASS">
          <reporter-output>
          </reporter-output>
        </test-method> <!-- setUp -->
        <test-method is-config="true" signature="initPages()[pri:0, instance:CheckoutTests@692f203f]" started-at="2024-03-31T06:31:16 WIB" name="initPages" finished-at="2024-03-31T06:31:16 WIB" duration-ms="0" status="PASS">
          <reporter-output>
          </reporter-output>
        </test-method> <!-- initPages -->
        <test-method signature="checkoutWithInvalidCardTest()[pri:0, instance:CheckoutTests@692f203f]" started-at="2024-03-31T06:31:16 WIB" name="checkoutWithInvalidCardTest" finished-at="2024-03-31T06:31:21 WIB" duration-ms="5180" status="PASS">
          <reporter-output>
          </reporter-output>
        </test-method> <!-- checkoutWithInvalidCardTest -->
        <test-method is-config="true" signature="tearDown(org.testng.ITestResult)[pri:0, instance:CheckoutTests@692f203f]" started-at="2024-03-31T06:31:21 WIB" name="tearDown" finished-at="2024-03-31T06:31:22 WIB" duration-ms="753" status="PASS">
          <params>
            <param index="0">
              <value>
                <![CDATA[[TestResult name=checkoutWithInvalidCardTest status=SUCCESS method=CheckoutTests.checkoutWithInvalidCardTest()[pri:0, instance:CheckoutTests@692f203f] output={null}]]]>
              </value>
            </param>
          </params>
          <reporter-output>
          </reporter-output>
        </test-method> <!-- tearDown -->
        <test-method is-config="true" signature="setUp()[pri:0, instance:CheckoutTests@692f203f]" started-at="2024-03-31T06:31:22 WIB" name="setUp" finished-at="2024-03-31T06:31:29 WIB" duration-ms="6630" status="PASS">
          <reporter-output>
          </reporter-output>
        </test-method> <!-- setUp -->
        <test-method is-config="true" signature="initPages()[pri:0, instance:CheckoutTests@692f203f]" started-at="2024-03-31T06:31:29 WIB" name="initPages" finished-at="2024-03-31T06:31:29 WIB" duration-ms="0" status="PASS">
          <reporter-output>
          </reporter-output>
        </test-method> <!-- initPages -->
        <test-method signature="successfulCheckoutTest()[pri:0, instance:CheckoutTests@692f203f]" started-at="2024-03-31T06:31:29 WIB" name="successfulCheckoutTest" finished-at="2024-03-31T06:31:51 WIB" duration-ms="22516" status="PASS">
          <reporter-output>
          </reporter-output>
        </test-method> <!-- successfulCheckoutTest -->
        <test-method is-config="true" signature="tearDown(org.testng.ITestResult)[pri:0, instance:CheckoutTests@692f203f]" started-at="2024-03-31T06:31:51 WIB" name="tearDown" finished-at="2024-03-31T06:31:52 WIB" duration-ms="899" status="PASS">
          <params>
            <param index="0">
              <value>
                <![CDATA[[TestResult name=successfulCheckoutTest status=SUCCESS method=CheckoutTests.successfulCheckoutTest()[pri:0, instance:CheckoutTests@692f203f] output={null}]]]>
              </value>
            </param>
          </params>
          <reporter-output>
          </reporter-output>
        </test-method> <!-- tearDown -->
        <test-method is-config="true" signature="tearDown()[pri:0, instance:CheckoutTests@692f203f]" started-at="2024-03-31T06:31:52 WIB" name="tearDown" finished-at="2024-03-31T06:31:53 WIB" duration-ms="502" status="PASS">
          <reporter-output>
          </reporter-output>
        </test-method> <!-- tearDown -->
        <test-method is-config="true" signature="afterSuite()[pri:0, instance:CheckoutTests@692f203f]" started-at="2024-03-31T06:31:53 WIB" name="afterSuite" finished-at="2024-03-31T06:31:53 WIB" duration-ms="19" status="PASS">
          <reporter-output>
          </reporter-output>
        </test-method> <!-- afterSuite -->
      </class> <!-- CheckoutTests -->
    </test> <!-- Surefire test -->
  </suite> <!-- Surefire suite -->
</testng-results>
